transfer_integral
##########  transfer_integral  GNN = 1 MD =  0 MBTR = 0 #############
Molecular Descriptor used = 0
Using hyperparameters:  0.005 64 28 28 9 21
sel_target: 1, 
 scale_target: 0
target = transfer_integral
Total number of datapoints = 378086
l1 =  283564 l2 =  330825
TrainsetSize =  283564 ValidationsetSize =  47261 TestsetSize =  47261
Starting model from scratch...
totNbrFeatures 56
epoch = 0   loss = 1.6598015015365506 Validation MAE = 0.6821365933561443
Saving model and its state dict to checkpoint/
epoch = 1   loss = 0.9694853208160245 Validation MAE = 0.6586531767053435
epoch = 2   loss = 0.8614568817687985 Validation MAE = 0.6247039790966813
epoch = 3   loss = 0.7996430411201051 Validation MAE = 0.6070571483607944
epoch = 4   loss = 0.7491682319397552 Validation MAE = 0.5790380528877138
epoch = 5   loss = 0.7133975803084437 Validation MAE = 0.6022360133109758
epoch = 6   loss = 0.6987757844156846 Validation MAE = 0.5634362539449301
epoch = 7   loss = 0.6770857535669961 Validation MAE = 0.5604682168762617
epoch = 8   loss = 0.665755561500852 Validation MAE = 0.5589674429858079
epoch = 9   loss = 0.6510912796769338 Validation MAE = 0.5429294406428127
Epoch: 009, Train error: 0.65109, Val error: 0.47837
epoch = 10   loss = 0.6409632323351268 Validation MAE = 0.556395118103008
Saving model and its state dict to checkpoint/
epoch = 11   loss = 0.6360588905989255 Validation MAE = 0.5453115838866615
epoch = 12   loss = 0.6267751809062184 Validation MAE = 0.5481130626571358
epoch = 13   loss = 0.617981860819646 Validation MAE = 0.5512577093287475
epoch = 14   loss = 0.6150118855312068 Validation MAE = 0.5582345712023727
epoch = 15   loss = 0.6077894945337095 Validation MAE = 0.5436163995690777
epoch = 16   loss = 0.5804258151732465 Validation MAE = 0.5207543635534319
epoch = 17   loss = 0.5767727429910747 Validation MAE = 0.5197788719065375
epoch = 18   loss = 0.5733294301604692 Validation MAE = 0.5131617277278607
epoch = 19   loss = 0.5673995907900506 Validation MAE = 0.5179169685255772
Epoch: 019, Train error: 0.56740, Val error: 0.45550
epoch = 20   loss = 0.5673033925197226 Validation MAE = 0.5091215845457006
Saving model and its state dict to checkpoint/
epoch = 21   loss = 0.5660761006562081 Validation MAE = 0.5223091512559667
epoch = 22   loss = 0.5621055786501793 Validation MAE = 0.511088205608204
epoch = 23   loss = 0.5609536890745401 Validation MAE = 0.5117264008245078
epoch = 24   loss = 0.5588821163524368 Validation MAE = 0.5078390999080057
epoch = 25   loss = 0.559400412220811 Validation MAE = 0.5095935511666234
epoch = 26   loss = 0.5567407386954158 Validation MAE = 0.5011703501260023
epoch = 27   loss = 0.55434853931631 Validation MAE = 0.5116877727670379
epoch = 28   loss = 0.5546249897517578 Validation MAE = 0.5147290319290722
epoch = 29   loss = 0.5515229368327214 Validation MAE = 0.5162681525833293
Epoch: 029, Train error: 0.55152, Val error: 0.46554
epoch = 30   loss = 0.5508180998319449 Validation MAE = 0.5083665642155475
Saving model and its state dict to checkpoint/
epoch = 31   loss = 0.5518744760109443 Validation MAE = 0.5156552991215085
epoch = 32   loss = 0.5491750833236219 Validation MAE = 0.5008089050982603
epoch = 33   loss = 0.5467027814237504 Validation MAE = 0.49694147100097696
epoch = 34   loss = 0.5452107998843899 Validation MAE = 0.49599158781289787
epoch = 35   loss = 0.5468830269684675 Validation MAE = 0.4994784715134716
epoch = 36   loss = 0.5468545683692365 Validation MAE = 0.5022099909953224
epoch = 37   loss = 0.5436341941967915 Validation MAE = 0.5011549172133352
epoch = 38   loss = 0.5397814606110511 Validation MAE = 0.504065411727646
epoch = 39   loss = 0.5437032353302751 Validation MAE = 0.4937653651237185
Epoch: 039, Train error: 0.54370, Val error: 0.41889
epoch = 40   loss = 0.5415486611875806 Validation MAE = 0.5069778476929064
Saving model and its state dict to checkpoint/
epoch = 41   loss = 0.5422150213289509 Validation MAE = 0.49731524129209603
epoch = 42   loss = 0.539975902490419 Validation MAE = 0.5157801533332567
epoch = 43   loss = 0.5370241272222648 Validation MAE = 0.49056272502072723
epoch = 44   loss = 0.5399842306317203 Validation MAE = 0.4912471774872434
epoch = 45   loss = 0.5376774208435138 Validation MAE = 0.4928147292228455
epoch = 46   loss = 0.5369511417908674 Validation MAE = 0.5014087517548399
epoch = 47   loss = 0.5369474905412063 Validation MAE = 0.48729550110264924
epoch = 48   loss = 0.5347386065818657 Validation MAE = 0.5005206615410627
epoch = 49   loss = 0.5325239842681885 Validation MAE = 0.490932436248275
Epoch: 049, Train error: 0.53252, Val error: 0.41314
epoch = 50   loss = 0.5331888833394687 Validation MAE = 0.4995283627792071
Saving model and its state dict to checkpoint/
epoch = 51   loss = 0.532287624268184 Validation MAE = 0.5010664411738396
epoch = 52   loss = 0.5337210134765001 Validation MAE = 0.49123187640323646
epoch = 53   loss = 0.5319110972776622 Validation MAE = 0.49639318977156266
epoch = 54   loss = 0.5129315155466839 Validation MAE = 0.4812843583424751
epoch = 55   loss = 0.5135878579155388 Validation MAE = 0.48586864055346923
epoch = 56   loss = 0.5136434607088698 Validation MAE = 0.48126050361043593
epoch = 57   loss = 0.511924543559204 Validation MAE = 0.4790459318869895
epoch = 58   loss = 0.5117527484394367 Validation MAE = 0.47615231101742594
epoch = 59   loss = 0.5105728248876491 Validation MAE = 0.48583012198663306
Epoch: 059, Train error: 0.51057, Val error: 0.39399
epoch = 60   loss = 0.5105036811366614 Validation MAE = 0.47610094871092395
Saving model and its state dict to checkpoint/
epoch = 61   loss = 0.5108094969853292 Validation MAE = 0.48227941119936474
epoch = 62   loss = 0.5102727941998347 Validation MAE = 0.48002971891235835
epoch = 63   loss = 0.5067190192796951 Validation MAE = 0.4786751508354593
epoch = 64   loss = 0.5077420986566734 Validation MAE = 0.4766242181711727
epoch = 65   loss = 0.5087962692641278 Validation MAE = 0.4762729245354527
epoch = 66   loss = 0.5075105715145389 Validation MAE = 0.4749451575904075
epoch = 67   loss = 0.50853048247681 Validation MAE = 0.48199732266641576
epoch = 68   loss = 0.5057300956305301 Validation MAE = 0.47988393754148523
epoch = 69   loss = 0.503706779463131 Validation MAE = 0.47781573043942377
Epoch: 069, Train error: 0.50371, Val error: 0.38851
epoch = 70   loss = 0.5044742516115047 Validation MAE = 0.48219652781875255
Saving model and its state dict to checkpoint/
Epoch: 070, Train error: 0.50447, Val error: 0.38850
epoch = 71   loss = 0.5050713029836819 Validation MAE = 0.4755716861216265
epoch = 72   loss = 0.5011346208074073 Validation MAE = 0.4784304282917539
epoch = 73   loss = 0.4940763082629517 Validation MAE = 0.46970588858589035
epoch = 74   loss = 0.49141871854548336 Validation MAE = 0.4747583239716326
epoch = 75   loss = 0.4906470457902268 Validation MAE = 0.47110785995263527
epoch = 76   loss = 0.49046471146723614 Validation MAE = 0.46885278381785456
epoch = 77   loss = 0.49123353933309677 Validation MAE = 0.47828370860269637
epoch = 78   loss = 0.48938179170651 Validation MAE = 0.4687712499809382
epoch = 79   loss = 0.48836192772143655 Validation MAE = 0.46961721521707167
epoch = 80   loss = 0.4884386233811695 Validation MAE = 0.46894033717780215
Saving model and its state dict to checkpoint/
Epoch: 080, Train error: 0.48844, Val error: 0.37128
epoch = 81   loss = 0.4870641880637341 Validation MAE = 0.4765282250931814
epoch = 82   loss = 0.4888784000081068 Validation MAE = 0.46880016200584473
epoch = 83   loss = 0.48836227857083336 Validation MAE = 0.46857585141395497
epoch = 84   loss = 0.4888399830724263 Validation MAE = 0.46868188649422904
epoch = 85   loss = 0.48615890713265786 Validation MAE = 0.4722541667547327
epoch = 86   loss = 0.4858375805618649 Validation MAE = 0.4672602213825678
epoch = 87   loss = 0.4859106556377534 Validation MAE = 0.47336811396930417
epoch = 88   loss = 0.4891114889300767 Validation MAE = 0.4666975697193544
epoch = 89   loss = 0.48505535694326984 Validation MAE = 0.4768189430458784
epoch = 90   loss = 0.48716272653840037 Validation MAE = 0.46962265766433003
Saving model and its state dict to checkpoint/
Epoch: 090, Train error: 0.48716, Val error: 0.37300
epoch = 91   loss = 0.48463095371302545 Validation MAE = 0.4667007070719642
epoch = 92   loss = 0.4833273946426716 Validation MAE = 0.4746862552428361
epoch = 93   loss = 0.485788603107181 Validation MAE = 0.46712320612321434
epoch = 94   loss = 0.4835595125615848 Validation MAE = 0.4655679819715611
epoch = 95   loss = 0.4855347589635544 Validation MAE = 0.47082802279814123
epoch = 96   loss = 0.4836106321239298 Validation MAE = 0.46797504761229064
epoch = 97   loss = 0.48613108935209304 Validation MAE = 0.46838738748246883
epoch = 98   loss = 0.48353316658383066 Validation MAE = 0.46665098666085386
epoch = 99   loss = 0.48432114384658004 Validation MAE = 0.4673610549312997
epoch = 100   loss = 0.48573970871862515 Validation MAE = 0.47135206434291405
Saving model and its state dict to checkpoint/
Epoch: 100, Train error: 0.48574, Val error: 0.36920
epoch = 101   loss = 0.4752440998464635 Validation MAE = 0.4664781046631056
epoch = 102   loss = 0.47272366872071375 Validation MAE = 0.4599647382334767
epoch = 103   loss = 0.47510498596830864 Validation MAE = 0.460983780072532
epoch = 104   loss = 0.4731198453659873 Validation MAE = 0.4631554190373618
epoch = 105   loss = 0.4724929067353712 Validation MAE = 0.46250751596094325
epoch = 106   loss = 0.472967378045475 Validation MAE = 0.4630808235084997
epoch = 107   loss = 0.47300327175765755 Validation MAE = 0.46049496291168596
epoch = 108   loss = 0.4729505488983883 Validation MAE = 0.4629334164862379
epoch = 109   loss = 0.4667664528783466 Validation MAE = 0.4620502662654656
epoch = 110   loss = 0.464227768445805 Validation MAE = 0.46250204635290476
Saving model and its state dict to checkpoint/
Epoch: 110, Train error: 0.46423, Val error: 0.35742
epoch = 111   loss = 0.46688339191247813 Validation MAE = 0.4609871298079136
epoch = 112   loss = 0.46443979831974214 Validation MAE = 0.459095744045843
epoch = 113   loss = 0.4655923849937769 Validation MAE = 0.46685800943636757
epoch = 114   loss = 0.4668651848396229 Validation MAE = 0.4604206676850006
epoch = 115   loss = 0.4659185990479095 Validation MAE = 0.46019946817281154
epoch = 116   loss = 0.46565920278766093 Validation MAE = 0.462704139850402
epoch = 117   loss = 0.4654818532891186 Validation MAE = 0.4601567844418232
epoch = 118   loss = 0.4652016392862786 Validation MAE = 0.46239195793986293
epoch = 119   loss = 0.46055537678108055 Validation MAE = 0.46246277959334514
epoch = 120   loss = 0.45870780547927964 Validation MAE = 0.4604931473366252
Saving model and its state dict to checkpoint/
Epoch: 120, Train error: 0.45871, Val error: 0.35393
epoch = 121   loss = 0.46078957942480514 Validation MAE = 0.4580372554919256
epoch = 122   loss = 0.46055630865742236 Validation MAE = 0.45838580366917464
epoch = 123   loss = 0.4609710925042363 Validation MAE = 0.4595182128287646
epoch = 124   loss = 0.46020611616320817 Validation MAE = 0.46210520392747007
epoch = 125   loss = 0.4592228170246097 Validation MAE = 0.4600754590124382
epoch = 126   loss = 0.4600615111713146 Validation MAE = 0.459061783061949
epoch = 127   loss = 0.46063607184092653 Validation MAE = 0.4604460446314605
epoch = 128   loss = 0.4556117189190989 Validation MAE = 0.45833419705690365
epoch = 129   loss = 0.4568303124217301 Validation MAE = 0.4584007356006468
epoch = 130   loss = 0.4556093056124481 Validation MAE = 0.4578002560736754
Saving model and its state dict to checkpoint/
Epoch: 130, Train error: 0.45561, Val error: 0.34852
epoch = 131   loss = 0.45418718809219905 Validation MAE = 0.45532540489460394
epoch = 132   loss = 0.4551450109405636 Validation MAE = 0.45877851850354223
epoch = 133   loss = 0.45607577179241715 Validation MAE = 0.4565159292046118
epoch = 134   loss = 0.4541563308262021 Validation MAE = 0.45591332921979594
epoch = 135   loss = 0.45518457108208105 Validation MAE = 0.4570213018295357
epoch = 136   loss = 0.45532650438622085 Validation MAE = 0.4577398137932657
epoch = 137   loss = 0.4532934945559687 Validation MAE = 0.4562471169053856
epoch = 138   loss = 0.45215369882421647 Validation MAE = 0.456673270796769
epoch = 139   loss = 0.4529351099119677 Validation MAE = 0.45591994847948863
epoch = 140   loss = 0.4543817263091894 Validation MAE = 0.4537785483820147
Saving model and its state dict to checkpoint/
Epoch: 140, Train error: 0.45438, Val error: 0.34667
epoch = 141   loss = 0.4534378659646827 Validation MAE = 0.4546868382455513
epoch = 142   loss = 0.45188746852162165 Validation MAE = 0.45357416730514166
epoch = 143   loss = 0.45207258968230785 Validation MAE = 0.4533047555315795
epoch = 144   loss = 0.4524160853624966 Validation MAE = 0.4555190278407201
epoch = 145   loss = 0.45239079576442587 Validation MAE = 0.45278423911706267
epoch = 146   loss = 0.4520383453012981 Validation MAE = 0.4521658334348455
epoch = 147   loss = 0.450310059913862 Validation MAE = 0.45505776906477097
epoch = 148   loss = 0.4518122366485805 Validation MAE = 0.4543401527207032
epoch = 149   loss = 0.452816626165675 Validation MAE = 0.45175593177942475
epoch = 150   loss = 0.45256597125983095 Validation MAE = 0.455079487397646
Saving model and its state dict to checkpoint/
Epoch: 150, Train error: 0.45257, Val error: 0.34896
epoch = 151   loss = 0.45151974265578537 Validation MAE = 0.4542109314146938
epoch = 152   loss = 0.4508703704548976 Validation MAE = 0.45562084313259843
epoch = 153   loss = 0.44867321464795157 Validation MAE = 0.4532898047530281
epoch = 154   loss = 0.4504105289758342 Validation MAE = 0.45411261070223863
epoch = 155   loss = 0.45055708550254636 Validation MAE = 0.45467685607366454
epoch = 156   loss = 0.44999390981363196 Validation MAE = 0.451898999635003
epoch = 157   loss = 0.44891164038598375 Validation MAE = 0.4512526706730991
epoch = 158   loss = 0.4497393787199792 Validation MAE = 0.4544653574598746
epoch = 159   loss = 0.45119571950094245 Validation MAE = 0.45347414890267596
epoch = 160   loss = 0.4462926195030904 Validation MAE = 0.45222055052145055
Saving model and its state dict to checkpoint/
Epoch: 160, Train error: 0.44629, Val error: 0.34533
epoch = 161   loss = 0.44912644924124817 Validation MAE = 0.4516896377230606
epoch = 162   loss = 0.4498475853697045 Validation MAE = 0.4528215804678868
epoch = 163   loss = 0.4477028938925249 Validation MAE = 0.4541963891980409
epoch = 164   loss = 0.44857816580364596 Validation MAE = 0.4513042330532526
epoch = 165   loss = 0.4456414546637769 Validation MAE = 0.4506170562959167
epoch = 166   loss = 0.44722134986505396 Validation MAE = 0.4507119827987262
epoch = 167   loss = 0.44755762355225465 Validation MAE = 0.45209269605244196
epoch = 168   loss = 0.44701890875329264 Validation MAE = 0.45046388412565663
epoch = 169   loss = 0.4479745874681057 Validation MAE = 0.45070583737962716
epoch = 170   loss = 0.4462460126259655 Validation MAE = 0.45035410442938695
Saving model and its state dict to checkpoint/
Epoch: 170, Train error: 0.44625, Val error: 0.34509
epoch = 171   loss = 0.4468909723918852 Validation MAE = 0.4515021405619876
epoch = 172   loss = 0.4479633261272556 Validation MAE = 0.4503336650544656
epoch = 173   loss = 0.4493028947655793 Validation MAE = 0.4518141035921537
epoch = 174   loss = 0.4463976677309313 Validation MAE = 0.4506242860677958
epoch = 175   loss = 0.4488111453380478 Validation MAE = 0.45079973831075054
epoch = 176   loss = 0.4493030810575251 Validation MAE = 0.45072794379283165
epoch = 177   loss = 0.4469323964420533 Validation MAE = 0.45018949351473475
epoch = 178   loss = 0.4470050717777029 Validation MAE = 0.450605347033383
epoch = 179   loss = 0.44703416858535866 Validation MAE = 0.45019208357560697
epoch = 180   loss = 0.4464378049060482 Validation MAE = 0.4490009032500254
Saving model and its state dict to checkpoint/
Epoch: 180, Train error: 0.44644, Val error: 0.34336
epoch = 181   loss = 0.44617559941568896 Validation MAE = 0.4501689843410478
epoch = 182   loss = 0.4460981053886878 Validation MAE = 0.45008376801892486
epoch = 183   loss = 0.44656609053532115 Validation MAE = 0.45079694184005664
epoch = 184   loss = 0.4445336862163217 Validation MAE = 0.45126100033550026
epoch = 185   loss = 0.44701817432285434 Validation MAE = 0.4504397830901387
epoch = 186   loss = 0.4461002502104282 Validation MAE = 0.4502505685444628
epoch = 187   loss = 0.44380023531389035 Validation MAE = 0.4505338378449077
epoch = 188   loss = 0.44591813237645794 Validation MAE = 0.4499799219643489
epoch = 189   loss = 0.4454680780114283 Validation MAE = 0.45040656688873654
epoch = 190   loss = 0.445101702635029 Validation MAE = 0.4505323864987336
Saving model and its state dict to checkpoint/
Epoch: 190, Train error: 0.44510, Val error: 0.34370
epoch = 191   loss = 0.4438148951107874 Validation MAE = 0.44949112264163776
epoch = 192   loss = 0.4460604805719235 Validation MAE = 0.45029207076133654
epoch = 193   loss = 0.44433495634100667 Validation MAE = 0.4497094401044788
epoch = 194   loss = 0.44506610509506495 Validation MAE = 0.4502213811181245
epoch = 195   loss = 0.44488782136469973 Validation MAE = 0.4493123207036591
epoch = 196   loss = 0.44649174820428217 Validation MAE = 0.4497005789100497
epoch = 197   loss = 0.44496226549683304 Validation MAE = 0.4501910567730088
epoch = 198   loss = 0.4443817077298202 Validation MAE = 0.4491105086814383
epoch = 199   loss = 0.4445030158930442 Validation MAE = 0.44974424644243083
epoch = 200   loss = 0.4463338251072928 Validation MAE = 0.450311595548443
Saving model and its state dict to checkpoint/
Epoch: 200, Train error: 0.44633, Val error: 0.34318
epoch = 201   loss = 0.4441518235986187 Validation MAE = 0.44951298321547795
epoch = 202   loss = 0.4451570789347456 Validation MAE = 0.44988581896186425
epoch = 203   loss = 0.44529454496824944 Validation MAE = 0.4496459296850372
epoch = 204   loss = 0.4461345465621042 Validation MAE = 0.45017136466258223
epoch = 205   loss = 0.4427695721402577 Validation MAE = 0.45026721477316844
epoch = 206   loss = 0.4439112680932419 Validation MAE = 0.44967870699567575
epoch = 207   loss = 0.445050516415469 Validation MAE = 0.45025524831055785
epoch = 208   loss = 0.4449276831023902 Validation MAE = 0.4491542314434296
epoch = 209   loss = 0.4435336790712272 Validation MAE = 0.4499049003986733
epoch = 210   loss = 0.4420904204634255 Validation MAE = 0.4498482247292447
Saving model and its state dict to checkpoint/
Epoch: 210, Train error: 0.44209, Val error: 0.34371
epoch = 211   loss = 0.4458661080621684 Validation MAE = 0.4498728018048548
epoch = 212   loss = 0.4433943724741062 Validation MAE = 0.4497314063551433
epoch = 213   loss = 0.44426136581454906 Validation MAE = 0.45011731400385585
epoch = 214   loss = 0.4451488759534452 Validation MAE = 0.44964685393853826
epoch = 215   loss = 0.4453363665957169 Validation MAE = 0.4497730943993753
epoch = 216   loss = 0.4443206718609983 Validation MAE = 0.45015661167746834
epoch = 217   loss = 0.44298003409194747 Validation MAE = 0.45003030874280125
epoch = 218   loss = 0.4428212134296903 Validation MAE = 0.44974566709651975
epoch = 219   loss = 0.44539243983239696 Validation MAE = 0.4494437086973402
epoch = 220   loss = 0.44485934780440106 Validation MAE = 0.44989726301330335
Saving model and its state dict to checkpoint/
Epoch: 220, Train error: 0.44486, Val error: 0.34344
epoch = 221   loss = 0.4447865223031514 Validation MAE = 0.44984314719695506
epoch = 222   loss = 0.4428726203195335 Validation MAE = 0.4493978808538153
epoch = 223   loss = 0.44577533983164885 Validation MAE = 0.44953375285822134
epoch = 224   loss = 0.4438610569066586 Validation MAE = 0.44977981741889816
epoch = 225   loss = 0.4444595282417234 Validation MAE = 0.44961793376136194
epoch = 226   loss = 0.44720384410843167 Validation MAE = 0.44977432008507073
epoch = 227   loss = 0.4439716254418266 Validation MAE = 0.4498525402260953
epoch = 228   loss = 0.4438468793872698 Validation MAE = 0.4495902008694616
epoch = 229   loss = 0.4438711007084385 Validation MAE = 0.449785000648191
epoch = 230   loss = 0.4424351100959231 Validation MAE = 0.44942766866253947
Saving model and its state dict to checkpoint/
Epoch: 230, Train error: 0.44244, Val error: 0.34260
epoch = 231   loss = 0.44728884046724904 Validation MAE = 0.44913913132094524
epoch = 232   loss = 0.4439144788755 Validation MAE = 0.44926382678539967
epoch = 233   loss = 0.44722273005465707 Validation MAE = 0.44942946341299017
epoch = 234   loss = 0.4418980458418183 Validation MAE = 0.44971306804615735
epoch = 235   loss = 0.44476999235093334 Validation MAE = 0.44980555562794844
epoch = 236   loss = 0.44162587431334716 Validation MAE = 0.44978384897864826
epoch = 237   loss = 0.4426990691913212 Validation MAE = 0.4496992514016971
epoch = 238   loss = 0.4432766011357854 Validation MAE = 0.44956475279242974
epoch = 239   loss = 0.44395817711263474 Validation MAE = 0.44932040874408313
epoch = 240   loss = 0.4442070188937152 Validation MAE = 0.449632865894623
Saving model and its state dict to checkpoint/
Epoch: 240, Train error: 0.44421, Val error: 0.34329
epoch = 241   loss = 0.443780188399659 Validation MAE = 0.44987105271922245
epoch = 242   loss = 0.44338434519895026 Validation MAE = 0.44946312542651384
epoch = 243   loss = 0.44285740614419994 Validation MAE = 0.44953262094380764
epoch = 244   loss = 0.44369483079251903 Validation MAE = 0.4496161232310227
epoch = 245   loss = 0.44436593558754633 Validation MAE = 0.44973243822264175
epoch = 246   loss = 0.44261935827065874 Validation MAE = 0.4497621479794361
epoch = 247   loss = 0.4434827798293956 Validation MAE = 0.44963384783955823
epoch = 248   loss = 0.4443788160242385 Validation MAE = 0.44962884422252686
epoch = 249   loss = 0.4454088268115772 Validation MAE = 0.44943403082304967
epoch = 250   loss = 0.4456031538058531 Validation MAE = 0.44977222176346376
Saving model and its state dict to checkpoint/
Epoch: 250, Train error: 0.44560, Val error: 0.34291
epoch = 251   loss = 0.44542110919232675 Validation MAE = 0.4495968108670458
epoch = 252   loss = 0.44371374910212175 Validation MAE = 0.45009185456611134
epoch = 253   loss = 0.44322547071964574 Validation MAE = 0.4496033607920873
epoch = 254   loss = 0.4440859782779177 Validation MAE = 0.44966939653853577
epoch = 255   loss = 0.4432791929599911 Validation MAE = 0.4494908743808072
epoch = 256   loss = 0.44446394017684027 Validation MAE = 0.4495665088195988
epoch = 257   loss = 0.4439828532249531 Validation MAE = 0.4495018745976556
epoch = 258   loss = 0.4437882675779982 Validation MAE = 0.4494421510487963
epoch = 259   loss = 0.44393036148449955 Validation MAE = 0.4499179051254891
epoch = 260   loss = 0.443141621413713 Validation MAE = 0.4497666215576771
Saving model and its state dict to checkpoint/
Epoch: 260, Train error: 0.44314, Val error: 0.34318
epoch = 261   loss = 0.44398559322586345 Validation MAE = 0.4494103619385476
epoch = 262   loss = 0.44322060654014067 Validation MAE = 0.4493658182187711
epoch = 263   loss = 0.4437749668642818 Validation MAE = 0.4496432777153437
epoch = 264   loss = 0.4439522469713507 Validation MAE = 0.4495583052752331
epoch = 265   loss = 0.44301700395169374 Validation MAE = 0.4496774370173262
epoch = 266   loss = 0.4418279046713242 Validation MAE = 0.4495808347791338
epoch = 267   loss = 0.44327646639284823 Validation MAE = 0.44956434416999463
epoch = 268   loss = 0.44630173500231846 Validation MAE = 0.44972110973568097
epoch = 269   loss = 0.442531506829514 Validation MAE = 0.4495388387849274
epoch = 270   loss = 0.44372233948502626 Validation MAE = 0.44969109126211454
Saving model and its state dict to checkpoint/
Epoch: 270, Train error: 0.44372, Val error: 0.34311
epoch = 271   loss = 0.444216621703017 Validation MAE = 0.4495313464252088
epoch = 272   loss = 0.4425376078510111 Validation MAE = 0.4493754754500616
epoch = 273   loss = 0.4435823831517903 Validation MAE = 0.44902951848388123
epoch = 274   loss = 0.44384053445555516 Validation MAE = 0.4494996105065028
epoch = 275   loss = 0.44465797301974325 Validation MAE = 0.4494313990524207
epoch = 276   loss = 0.44300265263201827 Validation MAE = 0.44972655464476335
epoch = 277   loss = 0.4458887101634781 Validation MAE = 0.44959093178905896
epoch = 278   loss = 0.44325830915546593 Validation MAE = 0.4492920132381136
epoch = 279   loss = 0.4451318703277262 Validation MAE = 0.44936426777408944
epoch = 280   loss = 0.44392435657319046 Validation MAE = 0.4493311556755585
Saving model and its state dict to checkpoint/
Epoch: 280, Train error: 0.44392, Val error: 0.34280
epoch = 281   loss = 0.4431636387911116 Validation MAE = 0.44967486614657426
epoch = 282   loss = 0.4432847622477047 Validation MAE = 0.44969278697459425
epoch = 283   loss = 0.44529729321733746 Validation MAE = 0.4498149876426958
epoch = 284   loss = 0.4429868300362888 Validation MAE = 0.44983652032982246
epoch = 285   loss = 0.4445746468698255 Validation MAE = 0.44936690511409083
epoch = 286   loss = 0.4437802018275409 Validation MAE = 0.44943495209007567
epoch = 287   loss = 0.44351245922955257 Validation MAE = 0.44949350778592584
epoch = 288   loss = 0.4427518232187808 Validation MAE = 0.44970288828262206
epoch = 289   loss = 0.44265758852636755 Validation MAE = 0.4493403613841028
epoch = 290   loss = 0.44601811981085476 Validation MAE = 0.4499281632234587
Saving model and its state dict to checkpoint/
Epoch: 290, Train error: 0.44602, Val error: 0.34346
epoch = 291   loss = 0.4421111453034535 Validation MAE = 0.45011969482986236
epoch = 292   loss = 0.44423651021608246 Validation MAE = 0.4502222122460681
epoch = 293   loss = 0.4450512114850316 Validation MAE = 0.4501260949872143
epoch = 294   loss = 0.44560602365292307 Validation MAE = 0.44949304229939085
epoch = 295   loss = 0.44457185430675117 Validation MAE = 0.4497464154304954
epoch = 296   loss = 0.44308594817623603 Validation MAE = 0.4491693982571311
epoch = 297   loss = 0.4432188276057974 Validation MAE = 0.4494539647774212
epoch = 298   loss = 0.4420958188810155 Validation MAE = 0.44936601581041974
epoch = 299   loss = 0.4447541723599801 Validation MAE = 0.4492697277171197
Datapoints in the training set = 283564
Datapoints in the validation set = 47261
