Total number of molecules: 250
Generating o2 positions for ABICOF
sample success
====================================================================================================
Generating o2 positions for ACEYOX
sample success
====================================================================================================
Generating o2 positions for AMMEPY01
sample success
====================================================================================================
Generating o2 positions for APEKIQ
sample success
====================================================================================================
Generating o2 positions for AQANAI
sample success
====================================================================================================
Generating o2 positions for ASOPEE
sample success
====================================================================================================
Generating o2 positions for ASORIK
sample success
====================================================================================================
Generating o2 positions for ATUHAZ
sample success
====================================================================================================
Generating o2 positions for AXOKOO
sample success
====================================================================================================
Generating o2 positions for AXOWAM
sample success
====================================================================================================
Generating o2 positions for AYUDEE
sample success
====================================================================================================
Generating o2 positions for AZBUTO
sample success
====================================================================================================
Generating o2 positions for AZUPEQ
sample success
====================================================================================================
Generating o2 positions for BANKEH
sample success
====================================================================================================
Generating o2 positions for BAYYAB
sample success
====================================================================================================
Generating o2 positions for BBTHLD
sample success
====================================================================================================
Generating o2 positions for BECCOB01
sample success
====================================================================================================
Generating o2 positions for BERMEQ
sample success
====================================================================================================
Generating o2 positions for BERTOH01
sample success
====================================================================================================
Generating o2 positions for BITVUV
sample success
====================================================================================================
Generating o2 positions for BOMPUO
sample success
====================================================================================================
Generating o2 positions for BUFVOO
sample success
====================================================================================================
Generating o2 positions for CABWUY
sample success
====================================================================================================
Generating o2 positions for CACROO
sample success
====================================================================================================
Generating o2 positions for CANWIX
sample success
====================================================================================================
Generating o2 positions for CENBAZ
sample success
====================================================================================================
Generating o2 positions for CIKXOJ
sample success
====================================================================================================
Generating o2 positions for CIVVOS10
sample success
====================================================================================================
Generating o2 positions for CUQXUH
sample success
====================================================================================================
Generating o2 positions for DALVOC
sample success
====================================================================================================
Generating o2 positions for DEBTAH
sample success
====================================================================================================
Generating o2 positions for DEMQIW01
sample success
====================================================================================================
Generating o2 positions for DEMYIE
sample success
====================================================================================================
Generating o2 positions for DIFDUS
sample success
====================================================================================================
Generating o2 positions for DIHDII
sample success
====================================================================================================
Generating o2 positions for DIXKAW
sample success
====================================================================================================
Generating o2 positions for DIYXAL
sample success
====================================================================================================
Generating o2 positions for DTCZME
sample success
====================================================================================================
Generating o2 positions for DUCXAB
sample success
====================================================================================================
Generating o2 positions for DUFTON10
sample success
====================================================================================================
Generating o2 positions for DUKDIW
sample success
====================================================================================================
Generating o2 positions for DUPRIP
sample success
====================================================================================================
Generating o2 positions for EDAWIP
sample success
====================================================================================================
Generating o2 positions for EPODUJ
sample success
====================================================================================================
Generating o2 positions for ETOLUV
sample success
====================================================================================================
Generating o2 positions for EWUVEY
sample success
====================================================================================================
Generating o2 positions for FARCEG
sample success
====================================================================================================
Generating o2 positions for FEYLUQ
sample success
====================================================================================================
Generating o2 positions for FILZOR
sample success
====================================================================================================
Generating o2 positions for FIZZUJ
sample success
====================================================================================================
Generating o2 positions for FOMRAB
sample success
====================================================================================================
Generating o2 positions for FONGOF
sample success
====================================================================================================
Generating o2 positions for FOWNOV
sample success
====================================================================================================
Generating o2 positions for FOZCON
sample success
====================================================================================================
Generating o2 positions for FUQNIP
sample success
====================================================================================================
Generating o2 positions for GARMIX
sample success
====================================================================================================
Generating o2 positions for GEBTUC01
sample success
====================================================================================================
Generating o2 positions for GETFOA
sample success
====================================================================================================
Generating o2 positions for GIGJEL
sample success
====================================================================================================
Generating o2 positions for GINTEE
sample success
====================================================================================================
Generating o2 positions for GIVLIH
sample success
====================================================================================================
Generating o2 positions for GIYFIE
sample success
====================================================================================================
Generating o2 positions for GODKEQ
sample success
====================================================================================================
Generating o2 positions for GOSVEP
sample success
====================================================================================================
Generating o2 positions for GUFDAN
sample success
====================================================================================================
Generating o2 positions for GUFJOG
sample success
====================================================================================================
Generating o2 positions for GUHVOU
sample success
====================================================================================================
Generating o2 positions for GUSQAM
sample success
====================================================================================================
Generating o2 positions for HIGLAL
sample success
====================================================================================================
Generating o2 positions for HIWJIG01
sample success
====================================================================================================
Generating o2 positions for HIXRUB
sample success
====================================================================================================
Generating o2 positions for HODMET
sample success
====================================================================================================
Generating o2 positions for HOHMAT
sample success
====================================================================================================
Generating o2 positions for HOLBEQ
sample success
====================================================================================================
Generating o2 positions for HOQSIQ
sample success
====================================================================================================
Generating o2 positions for HORZAQ
sample success
====================================================================================================
Generating o2 positions for HPENDO10
sample success
====================================================================================================
Generating o2 positions for ICUSEF
sample success
====================================================================================================
Generating o2 positions for IDECEA
sample success
====================================================================================================
Generating o2 positions for IDIFEH
sample success
====================================================================================================
Generating o2 positions for IFENUD
sample success
====================================================================================================
Generating o2 positions for IGACEZ
sample success
====================================================================================================
Generating o2 positions for IJUTUD
sample success
====================================================================================================
Generating o2 positions for IXIXUI
sample success
====================================================================================================
Generating o2 positions for JAFCIC
sample success
====================================================================================================
Generating o2 positions for JAWVOS
sample success
====================================================================================================
Generating o2 positions for JUXHUF
sample success
====================================================================================================
Generating o2 positions for KEGHEJ
sample success
====================================================================================================
Generating o2 positions for KEHFIN
sample success
====================================================================================================
Generating o2 positions for KEZLOQ
sample success
====================================================================================================
Generating o2 positions for KIJCIP
sample success
====================================================================================================
Generating o2 positions for KIQVEL
sample success
====================================================================================================
Generating o2 positions for KOMREK
sample success
====================================================================================================
Generating o2 positions for KONKED
sample success
====================================================================================================
Generating o2 positions for KOTSIV
sample success
====================================================================================================
Generating o2 positions for KOTTAO
sample success
====================================================================================================
Generating o2 positions for KUGREK
sample success
====================================================================================================
Generating o2 positions for KULBUP
sample success
====================================================================================================
Generating o2 positions for LANXUU
sample success
====================================================================================================
Generating o2 positions for LAPCAI
sample success
====================================================================================================
Generating o2 positions for LAPGEO
sample success
====================================================================================================
Generating o2 positions for LEFZAZ
sample success
====================================================================================================
Generating o2 positions for LILNAV
sample success
====================================================================================================
Generating o2 positions for LIMFUI
sample success
====================================================================================================
Generating o2 positions for LINJUN
sample success
====================================================================================================
Generating o2 positions for LIQYUF
sample success
====================================================================================================
Generating o2 positions for LOHMIF
sample success
====================================================================================================
Generating o2 positions for LOJDIY
sample success
====================================================================================================
Generating o2 positions for LUPKOX
sample success
====================================================================================================
Generating o2 positions for MELVAA
sample success
====================================================================================================
Generating o2 positions for MEQJIC
sample success
====================================================================================================
Generating o2 positions for MIMWEL
sample success
====================================================================================================
Generating o2 positions for MIZFIL
sample success
====================================================================================================
Generating o2 positions for MOPHOO
sample success
====================================================================================================
Generating o2 positions for MOWJOX
sample success
====================================================================================================
Generating o2 positions for MULGIK
sample success
====================================================================================================
Generating o2 positions for MUWJAQ
sample success
====================================================================================================
Generating o2 positions for MXNSAC20
sample success
====================================================================================================
Generating o2 positions for MXRCDC
sample success
====================================================================================================
Generating o2 positions for NANFAK
sample success
====================================================================================================
Generating o2 positions for NEDDOR
sample success
====================================================================================================
Generating o2 positions for NOLFEA
sample success
====================================================================================================
Generating o2 positions for NUWVIL
sample success
====================================================================================================
Generating o2 positions for OBIGOW
sample success
====================================================================================================
Generating o2 positions for OCUZIW
sample success
====================================================================================================
Generating o2 positions for OFUHII
sample success
====================================================================================================
Generating o2 positions for OJESOL
sample success
====================================================================================================
Generating o2 positions for OKIDER
sample success
====================================================================================================
Generating o2 positions for OKIFAP
sample success
====================================================================================================
Generating o2 positions for OKIFUJ
sample success
====================================================================================================
Generating o2 positions for OKUHIM
sample success
====================================================================================================
Generating o2 positions for OMONEJ
sample success
====================================================================================================
Generating o2 positions for OQUQEX
sample success
====================================================================================================
Generating o2 positions for OTAFOF
sample success
====================================================================================================
Generating o2 positions for OTAMOM
sample success
====================================================================================================
Generating o2 positions for PACKUA
sample success
====================================================================================================
Generating o2 positions for PAJCOU
sample success
====================================================================================================
Generating o2 positions for PAKDOV
sample success
====================================================================================================
Generating o2 positions for PAVXIT
sample success
====================================================================================================
Generating o2 positions for PAWMOR
sample success
====================================================================================================
Generating o2 positions for PEFMET
sample success
====================================================================================================
Generating o2 positions for PERZIX
sample success
====================================================================================================
Generating o2 positions for PHAZUR01
sample success
====================================================================================================
Generating o2 positions for PICBOT
sample success
====================================================================================================
Generating o2 positions for POKDUO
sample success
====================================================================================================
Generating o2 positions for POPYDO
sample success
====================================================================================================
Generating o2 positions for PORJEM
sample success
====================================================================================================
Generating o2 positions for POYJOC
sample success
====================================================================================================
Generating o2 positions for PUDREL
sample success
====================================================================================================
Generating o2 positions for PUJLAI
sample success
====================================================================================================
Generating o2 positions for PUPBAD
sample success
====================================================================================================
Generating o2 positions for PYRDNA01
sample success
====================================================================================================
Generating o2 positions for QADTAS
sample success
====================================================================================================
Generating o2 positions for QAFSAR
sample success
====================================================================================================
Generating o2 positions for QAHLAN
sample success
====================================================================================================
Generating o2 positions for QEDKOB
sample success
====================================================================================================
Generating o2 positions for QEJSOO
sample success
====================================================================================================
Generating o2 positions for QEPWUE
sample success
====================================================================================================
Generating o2 positions for QEWXIA
sample success
====================================================================================================
Generating o2 positions for QEXMOW
sample success
====================================================================================================
Generating o2 positions for QIZYEE
sample success
====================================================================================================
Generating o2 positions for QODWEM
sample success
====================================================================================================
Generating o2 positions for QUZFUN
sample success
====================================================================================================
Generating o2 positions for RAJKEU
sample success
====================================================================================================
Generating o2 positions for RAVXOB
sample success
====================================================================================================
Generating o2 positions for REBKOY
sample success
====================================================================================================
Generating o2 positions for REDVAZ
sample success
====================================================================================================
Generating o2 positions for RELTUX
sample success
====================================================================================================
Generating o2 positions for RIGLUP
sample success
====================================================================================================
Generating o2 positions for RIHJIB
sample success
====================================================================================================
Generating o2 positions for RIJGAS
sample success
====================================================================================================
Generating o2 positions for SAGVON
sample success
====================================================================================================
Generating o2 positions for SEBZOQ
sample success
====================================================================================================
Generating o2 positions for SENFEW
sample success
====================================================================================================
Generating o2 positions for SENFOH
sample success
====================================================================================================
Generating o2 positions for SEQCOI
sample success
====================================================================================================
Generating o2 positions for SEYSUL
sample success
====================================================================================================
Generating o2 positions for SEZJEN
sample success
====================================================================================================
Generating o2 positions for SEZTOI
sample success
====================================================================================================
Generating o2 positions for SILGOK
sample success
====================================================================================================
Generating o2 positions for SODWOX10
sample success
====================================================================================================
Generating o2 positions for SOJGED01
sample success
====================================================================================================
Generating o2 positions for SORTEZ
sample success
====================================================================================================
Generating o2 positions for SUFMIP
sample success
====================================================================================================
Generating o2 positions for SUTXOU
sample success
====================================================================================================
Generating o2 positions for SUXFOG
sample success
====================================================================================================
Generating o2 positions for TBCHTS11
sample success
====================================================================================================
Generating o2 positions for TCPMAZ
sample success
====================================================================================================
Generating o2 positions for TCYETY01
sample success
====================================================================================================
Generating o2 positions for TECDAI
sample success
====================================================================================================
Generating o2 positions for TERMEJ
sample success
====================================================================================================
Generating o2 positions for TEVYIC
sample success
====================================================================================================
Generating o2 positions for TIQWAS
sample success
====================================================================================================
Generating o2 positions for TOHTUG
sample success
====================================================================================================
Generating o2 positions for TOXZEL
sample success
====================================================================================================
Generating o2 positions for TRCHRN01
sample success
====================================================================================================
Generating o2 positions for TUKPOF
sample success
====================================================================================================
Generating o2 positions for TUNWOP
sample success
====================================================================================================
Generating o2 positions for TUTVIO
sample success
====================================================================================================
Generating o2 positions for TUVCIW
sample success
====================================================================================================
Generating o2 positions for UDEQID
sample success
====================================================================================================
Generating o2 positions for UJALOG
sample success
====================================================================================================
Generating o2 positions for ULICEY
sample success
====================================================================================================
Generating o2 positions for UNAPUV
sample success
====================================================================================================
Generating o2 positions for UNEWUF
sample success
====================================================================================================
Generating o2 positions for UWIYOP
sample success
====================================================================================================
Generating o2 positions for UYAQUH
sample success
====================================================================================================
Generating o2 positions for VABMAO
sample success
====================================================================================================
Generating o2 positions for VADCIO
sample success
====================================================================================================
Generating o2 positions for VATRIT01
sample success
====================================================================================================
Generating o2 positions for VEGKEY
sample success
====================================================================================================
Generating o2 positions for VEQMUA
sample success
====================================================================================================
Generating o2 positions for VEXKOZ
sample success
====================================================================================================
Generating o2 positions for VINWOF
sample success
====================================================================================================
Generating o2 positions for VOHGIJ
sample success
====================================================================================================
Generating o2 positions for VOQBEI
sample success
====================================================================================================
Generating o2 positions for VOSGAL
sample success
====================================================================================================
Generating o2 positions for VUJCUY
sample success
====================================================================================================
Generating o2 positions for VUKTEA
sample success
====================================================================================================
Generating o2 positions for WACYEG
sample success
====================================================================================================
Generating o2 positions for WAFNIC
sample success
====================================================================================================
Generating o2 positions for WAKVEL
sample success
====================================================================================================
Generating o2 positions for WEJDEV
sample success
====================================================================================================
Generating o2 positions for WEPXUL
sample success
====================================================================================================
Generating o2 positions for WIGNOR
sample success
====================================================================================================
Generating o2 positions for WIGTOX
sample success
====================================================================================================
Generating o2 positions for WIKVOB
sample success
====================================================================================================
Generating o2 positions for WUBWAR
sample success
====================================================================================================
Generating o2 positions for WUJHOY
sample success
====================================================================================================
Generating o2 positions for WUKWAB
sample success
====================================================================================================
Generating o2 positions for WUTSEK
sample success
====================================================================================================
Generating o2 positions for XAFRAZ
sample success
====================================================================================================
Generating o2 positions for XAFTOP
sample success
====================================================================================================
Generating o2 positions for XEYYIK
sample success
====================================================================================================
Generating o2 positions for XEZBOU
sample success
====================================================================================================
Generating o2 positions for XILVIY
sample success
====================================================================================================
Generating o2 positions for XOZRIO
sample success
====================================================================================================
Generating o2 positions for XUSDUK
sample success
====================================================================================================
Generating o2 positions for YEJJEE
sample success
====================================================================================================
Generating o2 positions for YEKFEZ
sample success
====================================================================================================
Generating o2 positions for YEMPIP
sample success
====================================================================================================
Generating o2 positions for YIVGOZ
sample success
====================================================================================================
Generating o2 positions for YONCIO
sample success
====================================================================================================
Generating o2 positions for YUBTIY
sample success
====================================================================================================
Generating o2 positions for ZAVTEV
sample success
====================================================================================================
Generating o2 positions for ZEFBOD
sample success
====================================================================================================
Generating o2 positions for ZEKNIO
sample success
====================================================================================================
Generating o2 positions for ZIZTUX
sample success
====================================================================================================
Generating o2 positions for ZUZWIA
sample success
====================================================================================================
Generating o2 positions for ZZZBZD10
sample success
====================================================================================================
